<?xml version="1.0" encoding="UTF-8"?>
<robot generator="Robot 7.0 (Python 3.12.2 on win32)" generated="2025-07-12T21:10:55.537807" rpa="false" schemaversion="5">
<suite id="s1" name="Points" source="c:\Users\Adam Vinicius\DesafioRethink\tests\Points.robot">
<kw name="Create Session API" owner="Api" type="SETUP">
<kw name="Create Session" owner="RequestsLibrary">
<msg time="2025-07-12T21:10:56.089635" level="INFO">Creating Session using : alias=base_url, url=https://points-app-backend.vercel.app/, headers={},                     cookies={}, auth=None, timeout=None, proxies=None, verify=False,                     debug=0 </msg>
<arg>base_url</arg>
<arg>${BASE_URL}</arg>
<arg>disable_warnings=True</arg>
<arg>verify=False</arg>
<arg>auth=None</arg>
<arg>timeout=None</arg>
<arg>proxies=None</arg>
<arg>headers={}</arg>
<arg>cookies={}</arg>
<doc>Create Session: create a HTTP session to a server</doc>
<status status="PASS" start="2025-07-12T21:10:56.089635" elapsed="0.000000"/>
</kw>
<status status="PASS" start="2025-07-12T21:10:56.089635" elapsed="0.000000"/>
</kw>
<test id="s1-t1" name="TC: Envia pontos com valor insulficente" line="35">
<kw name="POST /login" owner="Api">
<kw name="Create Dictionary" owner="BuiltIn">
<msg time="2025-07-12T21:10:56.089635" level="INFO">${HEADERS} = {'Content-Type': 'application/json', 'Authorization': 'Bearer None'}</msg>
<var>${HEADERS}</var>
<arg>Content-Type=application/json</arg>
<arg>Authorization=Bearer ${TOKEN}</arg>
<doc>Creates and returns a dictionary based on the given ``items``.</doc>
<status status="PASS" start="2025-07-12T21:10:56.089635" elapsed="0.000000"/>
</kw>
<kw name="Create Dictionary" owner="BuiltIn">
<msg time="2025-07-12T21:10:56.089635" level="INFO">${DATA_BODY} = {'email': 'joao@example.com', 'password': 'Senha@123'}</msg>
<var>${DATA_BODY}</var>
<arg>email=${email}</arg>
<arg>password=${password}</arg>
<doc>Creates and returns a dictionary based on the given ``items``.</doc>
<status status="PASS" start="2025-07-12T21:10:56.089635" elapsed="0.000000"/>
</kw>
<kw name="POST On Session" owner="RequestsLibrary">
<msg time="2025-07-12T21:10:56.902571" level="INFO">POST Request : url=https://points-app-backend.vercel.app/login 
 path_url=/login 
 headers={'User-Agent': 'python-requests/2.32.4', 'Accept-Encoding': 'gzip, deflate', 'Accept': '*/*', 'Connection': 'keep-alive', 'Content-Type': 'application/json', 'Authorization': 'Bearer None', 'Content-Length': '54'} 
 body=b'{"email": "joao@example.com", "password": "Senha@123"}' 
 </msg>
<msg time="2025-07-12T21:10:56.902571" level="INFO">POST Response : url=https://points-app-backend.vercel.app/login 
 status=200, reason=OK 
 headers={'Cache-Control': 'public, max-age=0, must-revalidate', 'Content-Length': '204', 'Content-Type': 'application/json; charset=utf-8', 'Date': 'Sun, 13 Jul 2025 00:08:15 GMT', 'Etag': 'W/"cc-1P1bOCz7Mz9sRUXNtnnK5lAkxIk"', 'Server': 'Vercel', 'Strict-Transport-Security': 'max-age=63072000; includeSubDomains; preload', 'X-Powered-By': 'Express', 'X-Vercel-Cache': 'MISS', 'X-Vercel-Id': 'gru1::iad1::z77wd-1752365295235-62171b7badae'} 
 body={"token":"eyJhbGciOiJIUzI1NiIsInR5cCI6IkpXVCJ9.eyJ1c2VySWQiOiIxYzBhZWZkNy1hMjlkLTRmMTktOWRiMS1kYjZlYjk2YmYyMmUiLCJpYXQiOjE3NTIzNjUyOTUsImV4cCI6MTc1MjM2NTg5NX0.WsYIOc_gYHJOjAD__xdA0KrKW3Y13Ke2zgQ2R33BaBo"} 
 </msg>
<msg time="2025-07-12T21:10:56.902571" level="INFO">${RESPONSE} = &lt;Response [200]&gt;</msg>
<var>${RESPONSE}</var>
<arg>base_url</arg>
<arg>${ENDPOINT_LOGIN}</arg>
<arg>json=${DATA_BODY}</arg>
<arg>headers=${HEADERS}</arg>
<arg>expected_status=ANY</arg>
<doc>Sends a POST request on a previously created HTTP Session.</doc>
<status status="PASS" start="2025-07-12T21:10:56.089635" elapsed="0.812936"/>
</kw>
<kw name="Set Suite Variable" owner="BuiltIn">
<msg time="2025-07-12T21:10:56.902571" level="INFO">${RESPONSE} = &lt;Response [200]&gt;</msg>
<arg>${RESPONSE}</arg>
<doc>Makes a variable available everywhere within the scope of the current suite.</doc>
<status status="PASS" start="2025-07-12T21:10:56.902571" elapsed="0.000000"/>
</kw>
<arg>joao@example.com</arg>
<arg>Senha@123</arg>
<doc>Realiza o login do usuario</doc>
<status status="PASS" start="2025-07-12T21:10:56.089635" elapsed="0.812936"/>
</kw>
<kw name="Validate Status Code" owner="Api">
<kw name="Should Be Equal As Integers" owner="BuiltIn">
<msg time="2025-07-12T21:10:56.908852" level="INFO">Argument types are:
&lt;class 'int'&gt;
&lt;class 'str'&gt;</msg>
<arg>${RESPONSE.status_code}</arg>
<arg>${STATUS_CODE_EXPECTED}</arg>
<doc>Fails if objects are unequal after converting them to integers.</doc>
<status status="PASS" start="2025-07-12T21:10:56.908852" elapsed="0.000000"/>
</kw>
<arg>200</arg>
<doc>Valida o status code da resposta</doc>
<status status="PASS" start="2025-07-12T21:10:56.902571" elapsed="0.006281"/>
</kw>
<kw name="Armazena o token" owner="Api">
<kw name="Convert To String" owner="BuiltIn">
<msg time="2025-07-12T21:10:56.909886" level="INFO">${TOKEN} = eyJhbGciOiJIUzI1NiIsInR5cCI6IkpXVCJ9.eyJ1c2VySWQiOiIxYzBhZWZkNy1hMjlkLTRmMTktOWRiMS1kYjZlYjk2YmYyMmUiLCJpYXQiOjE3NTIzNjUyOTUsImV4cCI6MTc1MjM2NTg5NX0.WsYIOc_gYHJOjAD__xdA0KrKW3Y13Ke2zgQ2R33BaBo</msg>
<var>${TOKEN}</var>
<arg>${RESPONSE.json()['token']}</arg>
<doc>Converts the given item to a Unicode string.</doc>
<status status="PASS" start="2025-07-12T21:10:56.909886" elapsed="0.000000"/>
</kw>
<kw name="Set Suite Variable" owner="BuiltIn">
<msg time="2025-07-12T21:10:56.909886" level="INFO">${TOKEN} = eyJhbGciOiJIUzI1NiIsInR5cCI6IkpXVCJ9.eyJ1c2VySWQiOiIxYzBhZWZkNy1hMjlkLTRmMTktOWRiMS1kYjZlYjk2YmYyMmUiLCJpYXQiOjE3NTIzNjUyOTUsImV4cCI6MTc1MjM2NTg5NX0.WsYIOc_gYHJOjAD__xdA0KrKW3Y13Ke2zgQ2R33BaBo</msg>
<arg>${TOKEN}</arg>
<doc>Makes a variable available everywhere within the scope of the current suite.</doc>
<status status="PASS" start="2025-07-12T21:10:56.909886" elapsed="0.000000"/>
</kw>
<status status="PASS" start="2025-07-12T21:10:56.909886" elapsed="0.000000"/>
</kw>
<kw name="POST /points/send" owner="Api">
<kw name="Create Dictionary" owner="BuiltIn">
<msg time="2025-07-12T21:10:56.909886" level="INFO">${DATA_BODY} = {'recipientCpf': '1221', 'amount': '99404100'}</msg>
<var>${DATA_BODY}</var>
<arg>recipientCpf=${recipientCpf}</arg>
<arg>amount=${amount}</arg>
<doc>Creates and returns a dictionary based on the given ``items``.</doc>
<status status="PASS" start="2025-07-12T21:10:56.909886" elapsed="0.000000"/>
</kw>
<kw name="Create Dictionary" owner="BuiltIn">
<msg time="2025-07-12T21:10:56.909886" level="INFO">${HEADERS} = {'Content-Type': 'application/json', 'Authorization': 'Bearer eyJhbGciOiJIUzI1NiIsInR5cCI6IkpXVCJ9.eyJ1c2VySWQiOiIxYzBhZWZkNy1hMjlkLTRmMTktOWRiMS1kYjZlYjk2YmYyMmUiLCJpYXQiOjE3NTIzNjUyOTUsImV4cCI6MTc1M...</msg>
<var>${HEADERS}</var>
<arg>Content-Type=application/json</arg>
<arg>Authorization=Bearer ${TOKEN}</arg>
<doc>Creates and returns a dictionary based on the given ``items``.</doc>
<status status="PASS" start="2025-07-12T21:10:56.909886" elapsed="0.000000"/>
</kw>
<kw name="POST On Session" owner="RequestsLibrary">
<msg time="2025-07-12T21:10:57.502803" level="INFO">POST Request : url=https://points-app-backend.vercel.app/points/send 
 path_url=/points/send 
 headers={'User-Agent': 'python-requests/2.32.4', 'Accept-Encoding': 'gzip, deflate', 'Accept': '*/*', 'Connection': 'keep-alive', 'Content-Type': 'application/json', 'Authorization': 'Bearer eyJhbGciOiJIUzI1NiIsInR5cCI6IkpXVCJ9.eyJ1c2VySWQiOiIxYzBhZWZkNy1hMjlkLTRmMTktOWRiMS1kYjZlYjk2YmYyMmUiLCJpYXQiOjE3NTIzNjUyOTUsImV4cCI6MTc1MjM2NTg5NX0.WsYIOc_gYHJOjAD__xdA0KrKW3Y13Ke2zgQ2R33BaBo', 'Content-Length': '46'} 
 body=b'{"recipientCpf": "1221", "amount": "99404100"}' 
 </msg>
<msg time="2025-07-12T21:10:57.502803" level="INFO">POST Response : url=https://points-app-backend.vercel.app/points/send 
 status=400, reason=Bad Request 
 headers={'Cache-Control': 'public, max-age=0, must-revalidate', 'Content-Length': '30', 'Content-Type': 'application/json; charset=utf-8', 'Date': 'Sun, 13 Jul 2025 00:08:16 GMT', 'Etag': 'W/"1e-H77+M/9vIbepPbjN3XaKyxIqUKs"', 'Server': 'Vercel', 'Strict-Transport-Security': 'max-age=63072000; includeSubDomains; preload', 'X-Powered-By': 'Express', 'X-Vercel-Cache': 'MISS', 'X-Vercel-Id': 'gru1::iad1::z77wd-1752365296017-9bb51b9382a6'} 
 body={"error":"Saldo insuficiente"} 
 </msg>
<msg time="2025-07-12T21:10:57.502803" level="INFO">${RESPONSE} = &lt;Response [400]&gt;</msg>
<var>${RESPONSE}</var>
<arg>base_url</arg>
<arg>${ENDPOINT_POINTS_SEND}</arg>
<arg>json=${DATA_BODY}</arg>
<arg>headers=${HEADERS}</arg>
<arg>expected_status=ANY</arg>
<doc>Sends a POST request on a previously created HTTP Session.</doc>
<status status="PASS" start="2025-07-12T21:10:56.909886" elapsed="0.592917"/>
</kw>
<kw name="Set Suite Variable" owner="BuiltIn">
<msg time="2025-07-12T21:10:57.502803" level="INFO">${RESPONSE} = &lt;Response [400]&gt;</msg>
<arg>${RESPONSE}</arg>
<doc>Makes a variable available everywhere within the scope of the current suite.</doc>
<status status="PASS" start="2025-07-12T21:10:57.502803" elapsed="0.000000"/>
</kw>
<kw name="Set Suite Variable" owner="BuiltIn">
<msg time="2025-07-12T21:10:57.502803" level="INFO">${amount} = 99404100</msg>
<arg>${amount}</arg>
<doc>Makes a variable available everywhere within the scope of the current suite.</doc>
<status status="PASS" start="2025-07-12T21:10:57.502803" elapsed="0.000000"/>
</kw>
<arg>recipientCpf=1221</arg>
<arg>amount=99404100</arg>
<doc>Envia pontos para o usuario</doc>
<status status="PASS" start="2025-07-12T21:10:56.909886" elapsed="0.592917"/>
</kw>
<kw name="Validate Status Code" owner="Api">
<kw name="Should Be Equal As Integers" owner="BuiltIn">
<msg time="2025-07-12T21:10:57.502803" level="INFO">Argument types are:
&lt;class 'int'&gt;
&lt;class 'str'&gt;</msg>
<arg>${RESPONSE.status_code}</arg>
<arg>${STATUS_CODE_EXPECTED}</arg>
<doc>Fails if objects are unequal after converting them to integers.</doc>
<status status="PASS" start="2025-07-12T21:10:57.502803" elapsed="0.000000"/>
</kw>
<arg>400</arg>
<doc>Valida o status code da resposta</doc>
<status status="PASS" start="2025-07-12T21:10:57.502803" elapsed="0.000000"/>
</kw>
<kw name="Validate Dict Item" owner="Api">
<kw name="Dictionary Should Contain Item" owner="Collections">
<msg time="2025-07-12T21:10:57.502803" level="INFO">False
False</msg>
<arg>${RESPONSE.json()}</arg>
<arg>${KEY}</arg>
<arg>${VALUE}</arg>
<doc>An item of ``key`` / ``value`` must be found in a ``dictionary``.</doc>
<status status="PASS" start="2025-07-12T21:10:57.502803" elapsed="0.000000"/>
</kw>
<arg>error</arg>
<arg>Saldo insuficiente</arg>
<doc>Valida se o dicionario possui o item</doc>
<status status="PASS" start="2025-07-12T21:10:57.502803" elapsed="0.000000"/>
</kw>
<tag>POST</tag>
<status status="PASS" start="2025-07-12T21:10:56.089635" elapsed="1.413168"/>
</test>
<doc>Documentacao da API: https://points-app-backend.vercel.app/docs</doc>
<status status="PASS" start="2025-07-12T21:10:55.540807" elapsed="1.961996"/>
</suite>
<statistics>
<total>
<stat pass="1" fail="0" skip="0">All Tests</stat>
</total>
<tag>
<stat pass="1" fail="0" skip="0">POST</stat>
</tag>
<suite>
<stat pass="1" fail="0" skip="0" id="s1" name="Points">Points</stat>
</suite>
</statistics>
<errors>
</errors>
</robot>
